<?xml version="1.0" encoding="UTF-8"?>
<!-- Generated by org.testng.reporters.JUnitReportReporter -->
<testsuite skipped="0" hostname="LAPTOP-R69EIENB" name="com.crm.qa.testCases.LoginPageTest" tests="3" failures="0" timestamp="18 Oct 2019 04:26:37 GMT" time="168.602" errors="0">
  <testcase name="loginPageTitleTest" time="43.322" classname="com.crm.qa.testCases.LoginPageTest"/>
  <testcase name="crmLogoImageTest" time="93.488" classname="com.crm.qa.testCases.LoginPageTest"/>
  <testcase name="loginTest" time="31.792" classname="com.crm.qa.testCases.LoginPageTest"/>
</testsuite> <!-- com.crm.qa.testCases.LoginPageTest -->
