<?xml version="1.0" encoding="UTF-8"?>
<!-- Generated by org.testng.reporters.JUnitReportReporter -->
<testsuite skipped="0" hostname="LAPTOP-R69EIENB" name="com.crm.qa.testCases.LoginPageTest" tests="3" failures="0" timestamp="18 Oct 2019 05:14:12 GMT" time="54.961" errors="0">
  <testcase name="loginPageTitleTest" time="13.833" classname="com.crm.qa.testCases.LoginPageTest"/>
  <testcase name="crmLogoImageTest" time="13.204" classname="com.crm.qa.testCases.LoginPageTest"/>
  <testcase name="loginTest" time="27.924" classname="com.crm.qa.testCases.LoginPageTest"/>
</testsuite> <!-- com.crm.qa.testCases.LoginPageTest -->
