<?xml version="1.0" encoding="UTF-8"?>
<!-- Generated by org.testng.reporters.JUnitReportReporter -->
<testsuite skipped="0" hostname="DESKTOP-SFMCHEU" name="com.crm.qa.testCases.HomePageTest" tests="3" failures="0" timestamp="30 Jun 2019 05:44:19 GMT" time="234.444" errors="0">
  <testcase name="verifyHomePageTitleTest" time="62.766" classname="com.crm.qa.testCases.HomePageTest"/>
  <testcase name="verifyUserNameTest" time="67.793" classname="com.crm.qa.testCases.HomePageTest"/>
  <testcase name="verifyContactsLinkTest" time="103.885" classname="com.crm.qa.testCases.HomePageTest"/>
</testsuite> <!-- com.crm.qa.testCases.HomePageTest -->
